  [4;36;1mSQL (0.4ms)[0m   [0;1m SELECT name
 FROM sqlite_master
 WHERE type = 'table' AND NOT name = 'sqlite_sequence'
[0m
  [4;35;1mSQL (0.1ms)[0m   [0mselect sqlite_version(*)[0m
  [4;36;1mSQL (159.1ms)[0m   [0;1mCREATE TABLE "schema_migrations" ("version" varchar(255) NOT NULL) [0m
  [4;35;1mSQL (0.1ms)[0m   [0mPRAGMA index_list("schema_migrations")[0m
  [4;36;1mSQL (82.6ms)[0m   [0;1mCREATE UNIQUE INDEX "unique_schema_migrations" ON "schema_migrations" ("version")[0m
  [4;35;1mSQL (0.4ms)[0m   [0m SELECT name
 FROM sqlite_master
 WHERE type = 'table' AND NOT name = 'sqlite_sequence'
[0m
  [4;36;1mSQL (0.2ms)[0m   [0;1m SELECT name
 FROM sqlite_master
 WHERE type = 'table' AND NOT name = 'sqlite_sequence'
[0m
  [4;35;1mSQL (0.1ms)[0m   [0mSELECT version FROM schema_migrations[0m
  [4;36;1mSQL (0.1ms)[0m   [0;1m SELECT name
 FROM sqlite_master
 WHERE type = 'table' AND NOT name = 'sqlite_sequence'
[0m
  [4;36;1mSQL (0.4ms)[0m   [0;1m SELECT name
 FROM sqlite_master
 WHERE type = 'table' AND NOT name = 'sqlite_sequence'
[0m
  [4;35;1mSQL (0.2ms)[0m   [0mselect sqlite_version(*)[0m
  [4;36;1mSQL (0.2ms)[0m   [0;1m SELECT name
 FROM sqlite_master
 WHERE type = 'table' AND NOT name = 'sqlite_sequence'
[0m
  [4;35;1mSQL (0.1ms)[0m   [0mSELECT version FROM schema_migrations[0m
  [4;36;1mSQL (0.1ms)[0m   [0;1m SELECT name
 FROM sqlite_master
 WHERE type = 'table' AND NOT name = 'sqlite_sequence'
[0m
  [4;36;1mSQL (0.4ms)[0m   [0;1m SELECT name
 FROM sqlite_master
 WHERE type = 'table' AND NOT name = 'sqlite_sequence'
[0m
  [4;35;1mSQL (0.1ms)[0m   [0mselect sqlite_version(*)[0m
  [4;36;1mSQL (0.1ms)[0m   [0;1m SELECT name
 FROM sqlite_master
 WHERE type = 'table' AND NOT name = 'sqlite_sequence'
[0m
  [4;35;1mSQL (0.1ms)[0m   [0mSELECT version FROM schema_migrations[0m
  [4;36;1mSQL (0.1ms)[0m   [0;1m SELECT name
 FROM sqlite_master
 WHERE type = 'table' AND NOT name = 'sqlite_sequence'
[0m
  [4;36;1mSQL (0.2ms)[0m   [0;1mselect sqlite_version(*)[0m
  [4;35;1mSQL (0.4ms)[0m   [0m SELECT name
 FROM sqlite_master
 WHERE type = 'table' AND NOT name = 'sqlite_sequence'
[0m
  [4;36;1mSQL (160.7ms)[0m   [0;1mCREATE TABLE "users" ("id" INTEGER PRIMARY KEY AUTOINCREMENT NOT NULL, "name" varchar(255)) [0m
  [4;35;1mSQL (0.2ms)[0m   [0m SELECT name
 FROM sqlite_master
 WHERE type = 'table' AND NOT name = 'sqlite_sequence'
[0m
  [4;36;1mSQL (88.9ms)[0m   [0;1mCREATE TABLE "pairs" ("id" INTEGER PRIMARY KEY AUTOINCREMENT NOT NULL, "count" integer) [0m
  [4;35;1mSQL (0.3ms)[0m   [0m SELECT name
 FROM sqlite_master
 WHERE type = 'table' AND NOT name = 'sqlite_sequence'
[0m
  [4;36;1mSQL (73.6ms)[0m   [0;1mCREATE TABLE "groups" ("id" INTEGER PRIMARY KEY AUTOINCREMENT NOT NULL, "pair_id" integer, "user_id" integer) [0m
  [4;35;1mSQL (0.3ms)[0m   [0m SELECT name
 FROM sqlite_master
 WHERE type = 'table' AND NOT name = 'sqlite_sequence'
[0m
  [4;36;1mSQL (0.1ms)[0m   [0;1mSELECT version FROM "schema_migrations"[0m
  [4;35;1mSQL (290.2ms)[0m   [0mINSERT INTO "schema_migrations" (version) VALUES ('0')[0m


Processing UsersController#new (for 127.0.0.1 at 2011-09-08 21:34:05) [GET]

NameError (uninitialized constant UsersController::User):
  app/controllers/users_controller.rb:16:in `new'
  /home/twu/.rvm/rubies/ruby-1.8.7-p352/lib/ruby/1.8/webrick/httpserver.rb:104:in `service'
  /home/twu/.rvm/rubies/ruby-1.8.7-p352/lib/ruby/1.8/webrick/httpserver.rb:65:in `run'
  /home/twu/.rvm/rubies/ruby-1.8.7-p352/lib/ruby/1.8/webrick/server.rb:173:in `start_thread'
  /home/twu/.rvm/rubies/ruby-1.8.7-p352/lib/ruby/1.8/webrick/server.rb:162:in `start'
  /home/twu/.rvm/rubies/ruby-1.8.7-p352/lib/ruby/1.8/webrick/server.rb:162:in `start_thread'
  /home/twu/.rvm/rubies/ruby-1.8.7-p352/lib/ruby/1.8/webrick/server.rb:95:in `start'
  /home/twu/.rvm/rubies/ruby-1.8.7-p352/lib/ruby/1.8/webrick/server.rb:92:in `each'
  /home/twu/.rvm/rubies/ruby-1.8.7-p352/lib/ruby/1.8/webrick/server.rb:92:in `start'
  /home/twu/.rvm/rubies/ruby-1.8.7-p352/lib/ruby/1.8/webrick/server.rb:23:in `start'
  /home/twu/.rvm/rubies/ruby-1.8.7-p352/lib/ruby/1.8/webrick/server.rb:82:in `start'

Rendered rescues/_trace (35.2ms)
Rendered rescues/_request_and_response (1.1ms)
Rendering rescues/layout (internal_server_error)


Processing UsersController#new (for 127.0.0.1 at 2011-09-08 21:37:26) [GET]

NameError (uninitialized constant UsersController::User):
  app/controllers/users_controller.rb:16:in `new'
  /home/twu/.rvm/rubies/ruby-1.8.7-p352/lib/ruby/1.8/webrick/httpserver.rb:104:in `service'
  /home/twu/.rvm/rubies/ruby-1.8.7-p352/lib/ruby/1.8/webrick/httpserver.rb:65:in `run'
  /home/twu/.rvm/rubies/ruby-1.8.7-p352/lib/ruby/1.8/webrick/server.rb:173:in `start_thread'
  /home/twu/.rvm/rubies/ruby-1.8.7-p352/lib/ruby/1.8/webrick/server.rb:162:in `start'
  /home/twu/.rvm/rubies/ruby-1.8.7-p352/lib/ruby/1.8/webrick/server.rb:162:in `start_thread'
  /home/twu/.rvm/rubies/ruby-1.8.7-p352/lib/ruby/1.8/webrick/server.rb:95:in `start'
  /home/twu/.rvm/rubies/ruby-1.8.7-p352/lib/ruby/1.8/webrick/server.rb:92:in `each'
  /home/twu/.rvm/rubies/ruby-1.8.7-p352/lib/ruby/1.8/webrick/server.rb:92:in `start'
  /home/twu/.rvm/rubies/ruby-1.8.7-p352/lib/ruby/1.8/webrick/server.rb:23:in `start'
  /home/twu/.rvm/rubies/ruby-1.8.7-p352/lib/ruby/1.8/webrick/server.rb:82:in `start'

Rendered rescues/_trace (85.9ms)
Rendered rescues/_request_and_response (0.2ms)
Rendering rescues/layout (internal_server_error)


Processing UsersController#new (for 127.0.0.1 at 2011-09-08 21:37:27) [GET]

NameError (uninitialized constant UsersController::User):
  app/controllers/users_controller.rb:16:in `new'
  /home/twu/.rvm/rubies/ruby-1.8.7-p352/lib/ruby/1.8/webrick/httpserver.rb:104:in `service'
  /home/twu/.rvm/rubies/ruby-1.8.7-p352/lib/ruby/1.8/webrick/httpserver.rb:65:in `run'
  /home/twu/.rvm/rubies/ruby-1.8.7-p352/lib/ruby/1.8/webrick/server.rb:173:in `start_thread'
  /home/twu/.rvm/rubies/ruby-1.8.7-p352/lib/ruby/1.8/webrick/server.rb:162:in `start'
  /home/twu/.rvm/rubies/ruby-1.8.7-p352/lib/ruby/1.8/webrick/server.rb:162:in `start_thread'
  /home/twu/.rvm/rubies/ruby-1.8.7-p352/lib/ruby/1.8/webrick/server.rb:95:in `start'
  /home/twu/.rvm/rubies/ruby-1.8.7-p352/lib/ruby/1.8/webrick/server.rb:92:in `each'
  /home/twu/.rvm/rubies/ruby-1.8.7-p352/lib/ruby/1.8/webrick/server.rb:92:in `start'
  /home/twu/.rvm/rubies/ruby-1.8.7-p352/lib/ruby/1.8/webrick/server.rb:23:in `start'
  /home/twu/.rvm/rubies/ruby-1.8.7-p352/lib/ruby/1.8/webrick/server.rb:82:in `start'

Rendered rescues/_trace (32.3ms)
Rendered rescues/_request_and_response (0.2ms)
Rendering rescues/layout (internal_server_error)


Processing UsersController#new (for 127.0.0.1 at 2011-09-08 21:37:27) [GET]

NameError (uninitialized constant UsersController::User):
  app/controllers/users_controller.rb:16:in `new'
  /home/twu/.rvm/rubies/ruby-1.8.7-p352/lib/ruby/1.8/webrick/httpserver.rb:104:in `service'
  /home/twu/.rvm/rubies/ruby-1.8.7-p352/lib/ruby/1.8/webrick/httpserver.rb:65:in `run'
  /home/twu/.rvm/rubies/ruby-1.8.7-p352/lib/ruby/1.8/webrick/server.rb:173:in `start_thread'
  /home/twu/.rvm/rubies/ruby-1.8.7-p352/lib/ruby/1.8/webrick/server.rb:162:in `start'
  /home/twu/.rvm/rubies/ruby-1.8.7-p352/lib/ruby/1.8/webrick/server.rb:162:in `start_thread'
  /home/twu/.rvm/rubies/ruby-1.8.7-p352/lib/ruby/1.8/webrick/server.rb:95:in `start'
  /home/twu/.rvm/rubies/ruby-1.8.7-p352/lib/ruby/1.8/webrick/server.rb:92:in `each'
  /home/twu/.rvm/rubies/ruby-1.8.7-p352/lib/ruby/1.8/webrick/server.rb:92:in `start'
  /home/twu/.rvm/rubies/ruby-1.8.7-p352/lib/ruby/1.8/webrick/server.rb:23:in `start'
  /home/twu/.rvm/rubies/ruby-1.8.7-p352/lib/ruby/1.8/webrick/server.rb:82:in `start'

Rendered rescues/_trace (89.5ms)
Rendered rescues/_request_and_response (0.2ms)
Rendering rescues/layout (internal_server_error)


Processing UsersController#new (for 127.0.0.1 at 2011-09-08 21:37:28) [GET]

NameError (uninitialized constant UsersController::User):
  app/controllers/users_controller.rb:16:in `new'
  /home/twu/.rvm/rubies/ruby-1.8.7-p352/lib/ruby/1.8/webrick/httpserver.rb:104:in `service'
  /home/twu/.rvm/rubies/ruby-1.8.7-p352/lib/ruby/1.8/webrick/httpserver.rb:65:in `run'
  /home/twu/.rvm/rubies/ruby-1.8.7-p352/lib/ruby/1.8/webrick/server.rb:173:in `start_thread'
  /home/twu/.rvm/rubies/ruby-1.8.7-p352/lib/ruby/1.8/webrick/server.rb:162:in `start'
  /home/twu/.rvm/rubies/ruby-1.8.7-p352/lib/ruby/1.8/webrick/server.rb:162:in `start_thread'
  /home/twu/.rvm/rubies/ruby-1.8.7-p352/lib/ruby/1.8/webrick/server.rb:95:in `start'
  /home/twu/.rvm/rubies/ruby-1.8.7-p352/lib/ruby/1.8/webrick/server.rb:92:in `each'
  /home/twu/.rvm/rubies/ruby-1.8.7-p352/lib/ruby/1.8/webrick/server.rb:92:in `start'
  /home/twu/.rvm/rubies/ruby-1.8.7-p352/lib/ruby/1.8/webrick/server.rb:23:in `start'
  /home/twu/.rvm/rubies/ruby-1.8.7-p352/lib/ruby/1.8/webrick/server.rb:82:in `start'

Rendered rescues/_trace (32.4ms)
Rendered rescues/_request_and_response (0.2ms)
Rendering rescues/layout (internal_server_error)


Processing UsersController#new (for 127.0.0.1 at 2011-09-08 21:37:28) [GET]

NameError (uninitialized constant UsersController::User):
  app/controllers/users_controller.rb:16:in `new'
  /home/twu/.rvm/rubies/ruby-1.8.7-p352/lib/ruby/1.8/webrick/httpserver.rb:104:in `service'
  /home/twu/.rvm/rubies/ruby-1.8.7-p352/lib/ruby/1.8/webrick/httpserver.rb:65:in `run'
  /home/twu/.rvm/rubies/ruby-1.8.7-p352/lib/ruby/1.8/webrick/server.rb:173:in `start_thread'
  /home/twu/.rvm/rubies/ruby-1.8.7-p352/lib/ruby/1.8/webrick/server.rb:162:in `start'
  /home/twu/.rvm/rubies/ruby-1.8.7-p352/lib/ruby/1.8/webrick/server.rb:162:in `start_thread'
  /home/twu/.rvm/rubies/ruby-1.8.7-p352/lib/ruby/1.8/webrick/server.rb:95:in `start'
  /home/twu/.rvm/rubies/ruby-1.8.7-p352/lib/ruby/1.8/webrick/server.rb:92:in `each'
  /home/twu/.rvm/rubies/ruby-1.8.7-p352/lib/ruby/1.8/webrick/server.rb:92:in `start'
  /home/twu/.rvm/rubies/ruby-1.8.7-p352/lib/ruby/1.8/webrick/server.rb:23:in `start'
  /home/twu/.rvm/rubies/ruby-1.8.7-p352/lib/ruby/1.8/webrick/server.rb:82:in `start'

Rendered rescues/_trace (35.1ms)
Rendered rescues/_request_and_response (0.2ms)
Rendering rescues/layout (internal_server_error)


Processing UsersController#new (for 127.0.0.1 at 2011-09-08 21:37:28) [GET]

NameError (uninitialized constant UsersController::User):
  app/controllers/users_controller.rb:16:in `new'
  /home/twu/.rvm/rubies/ruby-1.8.7-p352/lib/ruby/1.8/webrick/httpserver.rb:104:in `service'
  /home/twu/.rvm/rubies/ruby-1.8.7-p352/lib/ruby/1.8/webrick/httpserver.rb:65:in `run'
  /home/twu/.rvm/rubies/ruby-1.8.7-p352/lib/ruby/1.8/webrick/server.rb:173:in `start_thread'
  /home/twu/.rvm/rubies/ruby-1.8.7-p352/lib/ruby/1.8/webrick/server.rb:162:in `start'
  /home/twu/.rvm/rubies/ruby-1.8.7-p352/lib/ruby/1.8/webrick/server.rb:162:in `start_thread'
  /home/twu/.rvm/rubies/ruby-1.8.7-p352/lib/ruby/1.8/webrick/server.rb:95:in `start'
  /home/twu/.rvm/rubies/ruby-1.8.7-p352/lib/ruby/1.8/webrick/server.rb:92:in `each'
  /home/twu/.rvm/rubies/ruby-1.8.7-p352/lib/ruby/1.8/webrick/server.rb:92:in `start'
  /home/twu/.rvm/rubies/ruby-1.8.7-p352/lib/ruby/1.8/webrick/server.rb:23:in `start'
  /home/twu/.rvm/rubies/ruby-1.8.7-p352/lib/ruby/1.8/webrick/server.rb:82:in `start'

Rendered rescues/_trace (31.2ms)
Rendered rescues/_request_and_response (0.2ms)
Rendering rescues/layout (internal_server_error)


Processing UsersController#new (for 127.0.0.1 at 2011-09-08 21:37:28) [GET]

NameError (uninitialized constant UsersController::User):
  app/controllers/users_controller.rb:16:in `new'
  /home/twu/.rvm/rubies/ruby-1.8.7-p352/lib/ruby/1.8/webrick/httpserver.rb:104:in `service'
  /home/twu/.rvm/rubies/ruby-1.8.7-p352/lib/ruby/1.8/webrick/httpserver.rb:65:in `run'
  /home/twu/.rvm/rubies/ruby-1.8.7-p352/lib/ruby/1.8/webrick/server.rb:173:in `start_thread'
  /home/twu/.rvm/rubies/ruby-1.8.7-p352/lib/ruby/1.8/webrick/server.rb:162:in `start'
  /home/twu/.rvm/rubies/ruby-1.8.7-p352/lib/ruby/1.8/webrick/server.rb:162:in `start_thread'
  /home/twu/.rvm/rubies/ruby-1.8.7-p352/lib/ruby/1.8/webrick/server.rb:95:in `start'
  /home/twu/.rvm/rubies/ruby-1.8.7-p352/lib/ruby/1.8/webrick/server.rb:92:in `each'
  /home/twu/.rvm/rubies/ruby-1.8.7-p352/lib/ruby/1.8/webrick/server.rb:92:in `start'
  /home/twu/.rvm/rubies/ruby-1.8.7-p352/lib/ruby/1.8/webrick/server.rb:23:in `start'
  /home/twu/.rvm/rubies/ruby-1.8.7-p352/lib/ruby/1.8/webrick/server.rb:82:in `start'

Rendered rescues/_trace (34.1ms)
Rendered rescues/_request_and_response (0.2ms)
Rendering rescues/layout (internal_server_error)


Processing UsersController#new (for 127.0.0.1 at 2011-09-08 21:37:28) [GET]

NameError (uninitialized constant UsersController::User):
  app/controllers/users_controller.rb:16:in `new'
  /home/twu/.rvm/rubies/ruby-1.8.7-p352/lib/ruby/1.8/webrick/httpserver.rb:104:in `service'
  /home/twu/.rvm/rubies/ruby-1.8.7-p352/lib/ruby/1.8/webrick/httpserver.rb:65:in `run'
  /home/twu/.rvm/rubies/ruby-1.8.7-p352/lib/ruby/1.8/webrick/server.rb:173:in `start_thread'
  /home/twu/.rvm/rubies/ruby-1.8.7-p352/lib/ruby/1.8/webrick/server.rb:162:in `start'
  /home/twu/.rvm/rubies/ruby-1.8.7-p352/lib/ruby/1.8/webrick/server.rb:162:in `start_thread'
  /home/twu/.rvm/rubies/ruby-1.8.7-p352/lib/ruby/1.8/webrick/server.rb:95:in `start'
  /home/twu/.rvm/rubies/ruby-1.8.7-p352/lib/ruby/1.8/webrick/server.rb:92:in `each'
  /home/twu/.rvm/rubies/ruby-1.8.7-p352/lib/ruby/1.8/webrick/server.rb:92:in `start'
  /home/twu/.rvm/rubies/ruby-1.8.7-p352/lib/ruby/1.8/webrick/server.rb:23:in `start'
  /home/twu/.rvm/rubies/ruby-1.8.7-p352/lib/ruby/1.8/webrick/server.rb:82:in `start'

Rendered rescues/_trace (31.4ms)
Rendered rescues/_request_and_response (0.2ms)
Rendering rescues/layout (internal_server_error)


Processing UsersController#index (for 127.0.0.1 at 2011-09-08 21:37:34) [GET]

NameError (uninitialized constant UsersController::User):
  app/controllers/users_controller.rb:5:in `index'
  /home/twu/.rvm/rubies/ruby-1.8.7-p352/lib/ruby/1.8/webrick/httpserver.rb:104:in `service'
  /home/twu/.rvm/rubies/ruby-1.8.7-p352/lib/ruby/1.8/webrick/httpserver.rb:65:in `run'
  /home/twu/.rvm/rubies/ruby-1.8.7-p352/lib/ruby/1.8/webrick/server.rb:173:in `start_thread'
  /home/twu/.rvm/rubies/ruby-1.8.7-p352/lib/ruby/1.8/webrick/server.rb:162:in `start'
  /home/twu/.rvm/rubies/ruby-1.8.7-p352/lib/ruby/1.8/webrick/server.rb:162:in `start_thread'
  /home/twu/.rvm/rubies/ruby-1.8.7-p352/lib/ruby/1.8/webrick/server.rb:95:in `start'
  /home/twu/.rvm/rubies/ruby-1.8.7-p352/lib/ruby/1.8/webrick/server.rb:92:in `each'
  /home/twu/.rvm/rubies/ruby-1.8.7-p352/lib/ruby/1.8/webrick/server.rb:92:in `start'
  /home/twu/.rvm/rubies/ruby-1.8.7-p352/lib/ruby/1.8/webrick/server.rb:23:in `start'
  /home/twu/.rvm/rubies/ruby-1.8.7-p352/lib/ruby/1.8/webrick/server.rb:82:in `start'

Rendered rescues/_trace (33.5ms)
Rendered rescues/_request_and_response (0.2ms)
Rendering rescues/layout (internal_server_error)


Processing UsersController#new (for 127.0.0.1 at 2011-09-08 21:38:38) [GET]

NameError (uninitialized constant UsersController::User):
  app/controllers/users_controller.rb:16:in `new'
  /home/twu/.rvm/rubies/ruby-1.8.7-p352/lib/ruby/1.8/webrick/httpserver.rb:104:in `service'
  /home/twu/.rvm/rubies/ruby-1.8.7-p352/lib/ruby/1.8/webrick/httpserver.rb:65:in `run'
  /home/twu/.rvm/rubies/ruby-1.8.7-p352/lib/ruby/1.8/webrick/server.rb:173:in `start_thread'
  /home/twu/.rvm/rubies/ruby-1.8.7-p352/lib/ruby/1.8/webrick/server.rb:162:in `start'
  /home/twu/.rvm/rubies/ruby-1.8.7-p352/lib/ruby/1.8/webrick/server.rb:162:in `start_thread'
  /home/twu/.rvm/rubies/ruby-1.8.7-p352/lib/ruby/1.8/webrick/server.rb:95:in `start'
  /home/twu/.rvm/rubies/ruby-1.8.7-p352/lib/ruby/1.8/webrick/server.rb:92:in `each'
  /home/twu/.rvm/rubies/ruby-1.8.7-p352/lib/ruby/1.8/webrick/server.rb:92:in `start'
  /home/twu/.rvm/rubies/ruby-1.8.7-p352/lib/ruby/1.8/webrick/server.rb:23:in `start'
  /home/twu/.rvm/rubies/ruby-1.8.7-p352/lib/ruby/1.8/webrick/server.rb:82:in `start'

Rendered rescues/_trace (87.2ms)
Rendered rescues/_request_and_response (0.3ms)
Rendering rescues/layout (internal_server_error)


Processing UsersController#new (for 127.0.0.1 at 2011-09-08 22:00:18) [GET]
Rendering users/new
Completed in 31ms (View: 27, DB: 0) | 200 OK [http://localhost/users/new]


Processing UsersController#create (for 127.0.0.1 at 2011-09-08 22:00:32) [POST]
  Parameters: {"commit"=>"Create", "authenticity_token"=>"G8MztpX2AQ82mmU12LvCoquozQtT8J2kX8K1pGFm/yg=", "user"=>{"name"=>"Sneha"}}
  [4;36;1mUser Create (0.3ms)[0m   [0;1mINSERT INTO "users" ("name") VALUES('Sneha')[0m
Redirected to http://localhost:3000/users/1
Completed in 110ms (DB: 0) | 302 Found [http://localhost/users]


Processing UsersController#show (for 127.0.0.1 at 2011-09-08 22:00:32) [GET]
  Parameters: {"id"=>"1"}

ActionController::UnknownAction (No action responded to show. Actions: create, index, and new):
  /home/twu/.rvm/rubies/ruby-1.8.7-p352/lib/ruby/1.8/webrick/httpserver.rb:104:in `service'
  /home/twu/.rvm/rubies/ruby-1.8.7-p352/lib/ruby/1.8/webrick/httpserver.rb:65:in `run'
  /home/twu/.rvm/rubies/ruby-1.8.7-p352/lib/ruby/1.8/webrick/server.rb:173:in `start_thread'
  /home/twu/.rvm/rubies/ruby-1.8.7-p352/lib/ruby/1.8/webrick/server.rb:162:in `start'
  /home/twu/.rvm/rubies/ruby-1.8.7-p352/lib/ruby/1.8/webrick/server.rb:162:in `start_thread'
  /home/twu/.rvm/rubies/ruby-1.8.7-p352/lib/ruby/1.8/webrick/server.rb:95:in `start'
  /home/twu/.rvm/rubies/ruby-1.8.7-p352/lib/ruby/1.8/webrick/server.rb:92:in `each'
  /home/twu/.rvm/rubies/ruby-1.8.7-p352/lib/ruby/1.8/webrick/server.rb:92:in `start'
  /home/twu/.rvm/rubies/ruby-1.8.7-p352/lib/ruby/1.8/webrick/server.rb:23:in `start'
  /home/twu/.rvm/rubies/ruby-1.8.7-p352/lib/ruby/1.8/webrick/server.rb:82:in `start'

Rendering rescues/layout (not_found)


Processing UsersController#index (for 127.0.0.1 at 2011-09-08 22:03:45) [GET]
  [4;36;1mUser Load (0.5ms)[0m   [0;1mSELECT * FROM "users" [0m
Rendering users/index
Completed in 11ms (View: 7, DB: 1) | 200 OK [http://localhost/users]
  [4;36;1mPair Load (0.5ms)[0m   [0;1mSELECT * FROM "pairs" [0m
  [4;35;1mPair Load (0.2ms)[0m   [0mSELECT * FROM "pairs" LIMIT 1[0m
  [4;36;1mGroup Load (0.2ms)[0m   [0;1mSELECT * FROM "groups" WHERE ("groups".pair_id = 1) LIMIT 1[0m
  [4;35;1mUser Load (0.0ms)[0m   [0mSQLite3::SQLException: no such column: users.group_id: SELECT * FROM "users" WHERE ("users".group_id = 1) [0m
  [4;36;1mPair Load (0.3ms)[0m   [0;1mSELECT * FROM "pairs" LIMIT 1[0m
  [4;35;1mGroup Load (0.2ms)[0m   [0mSELECT * FROM "groups" WHERE ("groups".pair_id = 1) LIMIT 1[0m
  [4;36;1mUser Load (0.0ms)[0m   [0;1mSQLite3::SQLException: no such column: users.group_id: SELECT * FROM "users" WHERE ("users".group_id = 1) [0m
  [4;35;1mPair Load (0.2ms)[0m   [0mSELECT * FROM "pairs" LIMIT 1[0m
  [4;36;1mGroup Load (0.2ms)[0m   [0;1mSELECT * FROM "groups" WHERE ("groups".pair_id = 1) LIMIT 1[0m
  [4;35;1mPair Load (0.2ms)[0m   [0mSELECT * FROM "pairs" LIMIT 1[0m
  [4;36;1mGroup Load (0.2ms)[0m   [0;1mSELECT * FROM "groups" WHERE ("groups".pair_id = 1) LIMIT 1[0m
  [4;35;1mPair Load (0.2ms)[0m   [0mSELECT * FROM "pairs" LIMIT 1[0m
  [4;36;1mGroup Load (0.2ms)[0m   [0;1mSELECT * FROM "groups" WHERE ("groups".pair_id = 1) LIMIT 1[0m
  [4;35;1mPair Load (0.2ms)[0m   [0mSELECT * FROM "pairs" LIMIT 1[0m
  [4;36;1mGroup Load (0.2ms)[0m   [0;1mSELECT * FROM "groups" WHERE ("groups".pair_id = 1) LIMIT 1[0m
  [4;35;1mSQL (0.0ms)[0m   [0mSQLite3::SQLException: no such column: users.group_id: SELECT count(*) AS count_all FROM "users" WHERE ("users".group_id = 1) [0m
  [4;36;1mPair Load (0.2ms)[0m   [0;1mSELECT * FROM "pairs" LIMIT 1[0m
  [4;35;1mGroup Load (0.2ms)[0m   [0mSELECT * FROM "groups" WHERE ("groups".pair_id = 1) LIMIT 1[0m
  [4;36;1mUser Load (0.0ms)[0m   [0;1mSQLite3::SQLException: no such column: users.group_id: SELECT * FROM "users" WHERE ("users".group_id = 1) [0m
  [4;35;1mPair Load (0.2ms)[0m   [0mSELECT * FROM "pairs" LIMIT 1[0m
  [4;36;1mGroup Load (0.2ms)[0m   [0;1mSELECT * FROM "groups" WHERE ("groups".pair_id = 1) LIMIT 1[0m
  [4;35;1mPair Load (0.2ms)[0m   [0mSELECT * FROM "pairs" LIMIT 1[0m
  [4;36;1mGroup Load (0.2ms)[0m   [0;1mSELECT * FROM "groups" WHERE ("groups".pair_id = 1) LIMIT 1[0m
  [4;35;1mPair Load (0.3ms)[0m   [0mSELECT * FROM "pairs" LIMIT 1[0m
  [4;36;1mGroup Load (0.2ms)[0m   [0;1mSELECT * FROM "groups" WHERE ("groups".pair_id = 1) LIMIT 1[0m
  [4;35;1mPair Load (0.2ms)[0m   [0mSELECT * FROM "pairs" LIMIT 1[0m
  [4;36;1mGroup Load (0.2ms)[0m   [0;1mSELECT * FROM "groups" WHERE ("groups".pair_id = 1) LIMIT 1[0m
  [4;35;1mUser Load (0.0ms)[0m   [0mSQLite3::SQLException: no such column: users.group_id: SELECT * FROM "users" WHERE ("users".group_id = 1) [0m
  [4;36;1mPair Load (0.2ms)[0m   [0;1mSELECT * FROM "pairs" LIMIT 1[0m
  [4;35;1mPair Load (0.2ms)[0m   [0mSELECT * FROM "pairs" LIMIT 1[0m
  [4;36;1mGroup Load (0.2ms)[0m   [0;1mSELECT * FROM "groups" WHERE ("groups".pair_id = 1) LIMIT 1[0m
  [4;35;1mPair Load (0.2ms)[0m   [0mSELECT * FROM "pairs" LIMIT 1[0m
  [4;36;1mGroup Load (0.2ms)[0m   [0;1mSELECT * FROM "groups" WHERE ("groups".pair_id = 1) LIMIT 1[0m
  [4;35;1mUser Load (0.0ms)[0m   [0mSQLite3::SQLException: no such column: users.group_id: SELECT * FROM "users" WHERE ("users".group_id = 1) [0m
  [4;36;1mUser Load (0.0ms)[0m   [0;1mSQLite3::SQLException: no such column: users.group_id: SELECT * FROM "users" WHERE ("users".group_id = 1) [0m
  [4;35;1mUser Load (0.0ms)[0m   [0mSQLite3::SQLException: no such column: users.group_id: SELECT * FROM "users" WHERE ("users".group_id = 1) [0m
  [4;36;1mUser Load (0.0ms)[0m   [0;1mSQLite3::SQLException: no such column: users.group_id: SELECT * FROM "users" WHERE ("users".group_id = 1) LIMIT 1[0m
  [4;35;1mUser Load (0.0ms)[0m   [0mSQLite3::SQLException: no such column: users.group_id: SELECT * FROM "users" WHERE ("users".group_id = 1) [0m
  [4;36;1mPair Load (0.3ms)[0m   [0;1mSELECT * FROM "pairs" [0m
  [4;35;1mSQL (0.3ms)[0m   [0m SELECT name
 FROM sqlite_master
 WHERE type = 'table' AND NOT name = 'sqlite_sequence'
[0m
  [4;36;1mSQL (0.3ms)[0m   [0;1m SELECT name
 FROM sqlite_master
 WHERE type = 'table' AND NOT name = 'sqlite_sequence'
[0m
  [4;35;1mPair Load (0.2ms)[0m   [0mSELECT * FROM "pairs" LIMIT 1[0m
  [4;36;1mGroup Load (0.2ms)[0m   [0;1mSELECT * FROM "groups" WHERE ("groups".pair_id = 1) LIMIT 1[0m
  [4;35;1mPair Load (0.3ms)[0m   [0mSELECT * FROM "pairs" LIMIT 1[0m
  [4;36;1mGroup Load (0.2ms)[0m   [0;1mSELECT * FROM "groups" WHERE ("groups".pair_id = 1) LIMIT 1[0m
  [4;35;1mUser Load (0.0ms)[0m   [0mSQLite3::SQLException: no such column: users.group_id: SELECT * FROM "users" WHERE ("users".group_id = 1) [0m
  [4;36;1mPair Load (0.2ms)[0m   [0;1mSELECT * FROM "pairs" LIMIT 1[0m
  [4;35;1mPair Load (0.2ms)[0m   [0mSELECT * FROM "pairs" LIMIT 1[0m
  [4;36;1mGroup Load (0.2ms)[0m   [0;1mSELECT * FROM "groups" WHERE ("groups".pair_id = 1) LIMIT 1[0m
  [4;35;1mUser Load (0.0ms)[0m   [0mSQLite3::SQLException: no such column: users.group_id: SELECT * FROM "users" WHERE ("users".group_id = 1) [0m
  [4;36;1mSQL (0.6ms)[0m   [0;1m SELECT name
 FROM sqlite_master
 WHERE type = 'table' AND NOT name = 'sqlite_sequence'
[0m
  [4;35;1mSQL (0.1ms)[0m   [0mselect sqlite_version(*)[0m
  [4;36;1mSQL (0.2ms)[0m   [0;1m SELECT name
 FROM sqlite_master
 WHERE type = 'table' AND NOT name = 'sqlite_sequence'
[0m
  [4;35;1mSQL (0.1ms)[0m   [0mSELECT version FROM schema_migrations[0m
  [4;36;1mSQL (0.2ms)[0m   [0;1m SELECT name
 FROM sqlite_master
 WHERE type = 'table' AND NOT name = 'sqlite_sequence'
[0m
  [4;35;1mSQL (0.0ms)[0m   [0mPRAGMA index_list("groups")[0m
  [4;36;1mSQL (0.0ms)[0m   [0;1mPRAGMA index_list("pairs")[0m
  [4;35;1mSQL (0.0ms)[0m   [0mPRAGMA index_list("users")[0m
  [4;36;1mPair Load (0.5ms)[0m   [0;1mSELECT * FROM "pairs" [0m
  [4;35;1mPair Load (0.2ms)[0m   [0mSELECT * FROM "pairs" LIMIT 1[0m
  [4;36;1mGroup Load (0.3ms)[0m   [0;1mSELECT * FROM "groups" WHERE ("groups".pair_id = 1) LIMIT 1[0m
  [4;35;1mPair Load (0.2ms)[0m   [0mSELECT * FROM "pairs" LIMIT 1[0m
  [4;36;1mGroup Load (0.2ms)[0m   [0;1mSELECT * FROM "groups" WHERE ("groups".pair_id = 1) LIMIT 1[0m
  [4;36;1mPair Load (0.5ms)[0m   [0;1mSELECT * FROM "pairs" [0m
  [4;35;1mSQL (0.3ms)[0m   [0m SELECT name
 FROM sqlite_master
 WHERE type = 'table' AND NOT name = 'sqlite_sequence'
[0m
  [4;36;1mPair Load (0.3ms)[0m   [0;1mSELECT * FROM "pairs" LIMIT 1[0m
  [4;35;1mGroup Load (0.2ms)[0m   [0mSELECT * FROM "groups" WHERE ("groups".pair_id = 1) LIMIT 1[0m
  [4;36;1mPair Load (0.2ms)[0m   [0;1mSELECT * FROM "pairs" LIMIT 1[0m
  [4;35;1mGroup Load (0.2ms)[0m   [0mSELECT * FROM "groups" WHERE ("groups".pair_id = 1) LIMIT 1[0m
  [4;36;1mPair Load (0.3ms)[0m   [0;1mSELECT * FROM "pairs" LIMIT 1[0m
  [4;35;1mPair Load (0.2ms)[0m   [0mSELECT * FROM "pairs" LIMIT 1[0m
  [4;36;1mGroup Load (0.2ms)[0m   [0;1mSELECT * FROM "groups" WHERE ("groups".pair_id = 1) LIMIT 1[0m
  [4;35;1mPair Load (0.2ms)[0m   [0mSELECT * FROM "pairs" LIMIT 1[0m
  [4;36;1mGroup Load (0.2ms)[0m   [0;1mSELECT * FROM "groups" WHERE ("groups".pair_id = 1) LIMIT 1[0m
  [4;35;1mUser Load (0.0ms)[0m   [0mSQLite3::SQLException: no such column: users.group_id: SELECT * FROM "users" WHERE ("users".group_id = 1) [0m
  [4;36;1mSQL (0.2ms)[0m   [0;1mselect sqlite_version(*)[0m
  [4;35;1mSQL (0.5ms)[0m   [0m SELECT name
 FROM sqlite_master
 WHERE type = 'table' AND NOT name = 'sqlite_sequence'
[0m
  [4;36;1mSQL (111.5ms)[0m   [0;1mDROP TABLE "groups"[0m
  [4;35;1mSQL (66.2ms)[0m   [0mCREATE TABLE "groups" ("id" INTEGER PRIMARY KEY AUTOINCREMENT NOT NULL, "pair_id" integer, "user_id" integer) [0m
  [4;36;1mSQL (0.2ms)[0m   [0;1m SELECT name
 FROM sqlite_master
 WHERE type = 'table' AND NOT name = 'sqlite_sequence'
[0m
  [4;35;1mSQL (107.3ms)[0m   [0mDROP TABLE "pairs"[0m
  [4;36;1mSQL (74.6ms)[0m   [0;1mCREATE TABLE "pairs" ("id" INTEGER PRIMARY KEY AUTOINCREMENT NOT NULL, "count" integer) [0m
  [4;35;1mSQL (0.2ms)[0m   [0m SELECT name
 FROM sqlite_master
 WHERE type = 'table' AND NOT name = 'sqlite_sequence'
[0m
  [4;36;1mSQL (107.4ms)[0m   [0;1mDROP TABLE "users"[0m
  [4;35;1mSQL (74.5ms)[0m   [0mCREATE TABLE "users" ("id" INTEGER PRIMARY KEY AUTOINCREMENT NOT NULL, "name" varchar(255)) [0m
  [4;36;1mSQL (0.3ms)[0m   [0;1m SELECT name
 FROM sqlite_master
 WHERE type = 'table' AND NOT name = 'sqlite_sequence'
[0m
  [4;35;1mSQL (0.1ms)[0m   [0mSELECT version FROM "schema_migrations"[0m
  [4;36;1mPair Load (0.5ms)[0m   [0;1mSELECT * FROM "pairs" [0m
  [4;35;1mPair Load (0.3ms)[0m   [0mSELECT * FROM "pairs" LIMIT 1[0m
  [4;36;1mGroup Load (0.2ms)[0m   [0;1mSELECT * FROM "groups" WHERE ("groups".pair_id = 1) LIMIT 1[0m
  [4;35;1mUser Load (0.0ms)[0m   [0mSQLite3::SQLException: no such column: users.group_id: SELECT * FROM "users" WHERE ("users".group_id = 1) [0m
  [4;36;1mPair Load (0.5ms)[0m   [0;1mSELECT * FROM "pairs" LIMIT 1[0m
  [4;35;1mGroup Load (0.2ms)[0m   [0mSELECT * FROM "groups" WHERE ("groups".pair_id = 1) LIMIT 1[0m
  [4;36;1mPair Load (0.2ms)[0m   [0;1mSELECT * FROM "pairs" LIMIT 1[0m
  [4;35;1mGroup Load (0.2ms)[0m   [0mSELECT * FROM "groups" WHERE ("groups".pair_id = 1) LIMIT 1[0m
  [4;36;1mUser Load (0.0ms)[0m   [0;1mSQLite3::SQLException: no such column: users.group_id: SELECT * FROM "users" WHERE ("users".group_id = 1) LIMIT 1[0m
  [4;36;1mPair Load (0.5ms)[0m   [0;1mSELECT * FROM "pairs" [0m
  [4;35;1mPair Load (0.2ms)[0m   [0mSELECT * FROM "pairs" LIMIT 1[0m
  [4;36;1mGroup Load (0.3ms)[0m   [0;1mSELECT * FROM "groups" WHERE ("groups".pair_id = 1) LIMIT 1[0m
  [4;35;1mPair Load (0.2ms)[0m   [0mSELECT * FROM "pairs" LIMIT 1[0m
  [4;36;1mGroup Load (0.2ms)[0m   [0;1mSELECT * FROM "groups" WHERE ("groups".pair_id = 1) LIMIT 1[0m
  [4;35;1mSQL (0.2ms)[0m   [0m SELECT name
 FROM sqlite_master
 WHERE type = 'table' AND NOT name = 'sqlite_sequence'
[0m
  [4;36;1mSQL (0.2ms)[0m   [0;1m SELECT name
 FROM sqlite_master
 WHERE type = 'table' AND NOT name = 'sqlite_sequence'
[0m
  [4;35;1mSQL (0.2ms)[0m   [0m SELECT name
 FROM sqlite_master
 WHERE type = 'table' AND NOT name = 'sqlite_sequence'
[0m
  [4;36;1mSQL (0.2ms)[0m   [0;1m SELECT name
 FROM sqlite_master
 WHERE type = 'table' AND NOT name = 'sqlite_sequence'
[0m
  [4;35;1mSQL (0.2ms)[0m   [0m SELECT name
 FROM sqlite_master
 WHERE type = 'table' AND NOT name = 'sqlite_sequence'
[0m
  [4;36;1mSQL (0.2ms)[0m   [0;1m SELECT name
 FROM sqlite_master
 WHERE type = 'table' AND NOT name = 'sqlite_sequence'
[0m
  [4;35;1mSQL (0.2ms)[0m   [0m SELECT name
 FROM sqlite_master
 WHERE type = 'table' AND NOT name = 'sqlite_sequence'
[0m
  [4;36;1mSQL (0.2ms)[0m   [0;1m SELECT name
 FROM sqlite_master
 WHERE type = 'table' AND NOT name = 'sqlite_sequence'
[0m
  [4;35;1mSQL (0.2ms)[0m   [0m SELECT name
 FROM sqlite_master
 WHERE type = 'table' AND NOT name = 'sqlite_sequence'
[0m
  [4;36;1mSQL (0.5ms)[0m   [0;1m SELECT name
 FROM sqlite_master
 WHERE type = 'table' AND NOT name = 'sqlite_sequence'
[0m
  [4;36;1mUser Load (0.5ms)[0m   [0;1mSELECT * FROM "users" [0m
  [4;35;1mPair Load (0.3ms)[0m   [0mSELECT * FROM "pairs" LIMIT 1[0m
  [4;36;1mGroup Load (0.2ms)[0m   [0;1mSELECT * FROM "groups" WHERE ("groups".pair_id = 1) LIMIT 1[0m
  [4;35;1mUser Load (0.0ms)[0m   [0mSQLite3::SQLException: no such column: users.group_id: SELECT * FROM "users" WHERE ("users".group_id = 1) [0m
  [4;36;1mPair Load (0.3ms)[0m   [0;1mSELECT * FROM "pairs" LIMIT 1[0m
  [4;35;1mPair Load (0.2ms)[0m   [0mSELECT * FROM "pairs" LIMIT 1[0m
  [4;36;1mGroup Load (0.2ms)[0m   [0;1mSELECT * FROM "groups" WHERE ("groups".pair_id = 1) LIMIT 1[0m
  [4;35;1mPair Load (0.2ms)[0m   [0mSELECT * FROM "pairs" LIMIT 1[0m
  [4;36;1mGroup Load (0.2ms)[0m   [0;1mSELECT * FROM "groups" WHERE ("groups".pair_id = 1) LIMIT 1[0m
  [4;35;1mPair Load (0.2ms)[0m   [0mSELECT * FROM "pairs" LIMIT 1[0m
  [4;36;1mGroup Load (0.2ms)[0m   [0;1mSELECT * FROM "groups" WHERE ("groups".pair_id = 1) LIMIT 1[0m
  [4;35;1mPair Load (0.2ms)[0m   [0mSELECT * FROM "pairs" LIMIT 1[0m
  [4;36;1mGroup Load (0.2ms)[0m   [0;1mSELECT * FROM "groups" WHERE ("groups".pair_id = 1) LIMIT 1[0m
  [4;35;1mUser Load (0.0ms)[0m   [0mSQLite3::SQLException: no such column: users.group_id: SELECT * FROM "users" WHERE ("users".group_id = 1) [0m
  [4;36;1mPair Load (0.5ms)[0m   [0;1mSELECT * FROM "pairs" LIMIT 1[0m
  [4;35;1mGroup Load (0.2ms)[0m   [0mSELECT * FROM "groups" WHERE ("groups".pair_id = 1) LIMIT 1[0m
  [4;36;1mUser Load (0.0ms)[0m   [0;1mSQLite3::SQLException: no such column: users.group_id: SELECT * FROM "users" WHERE ("users".group_id = 1) [0m
  [4;36;1mPair Load (0.5ms)[0m   [0;1mSELECT * FROM "pairs" LIMIT 1[0m
  [4;35;1mGroup Load (0.2ms)[0m   [0mSELECT * FROM "groups" WHERE ("groups".pair_id = 1) LIMIT 1[0m
  [4;36;1mUser Load (0.0ms)[0m   [0;1mSQLite3::SQLException: no such column: users.group_id: SELECT * FROM "users" WHERE ("users".group_id = 1) [0m
  [4;35;1mPair Load (0.2ms)[0m   [0mSELECT * FROM "pairs" LIMIT 1[0m
  [4;36;1mPair Load (0.3ms)[0m   [0;1mSELECT * FROM "pairs" LIMIT 1[0m
  [4;35;1mGroup Load (0.2ms)[0m   [0mSELECT * FROM "groups" WHERE ("groups".pair_id = 1) LIMIT 1[0m
  [4;36;1mPair Load (0.2ms)[0m   [0;1mSELECT * FROM "pairs" LIMIT 1[0m
  [4;35;1mGroup Load (0.2ms)[0m   [0mSELECT * FROM "groups" WHERE ("groups".pair_id = 1) LIMIT 1[0m
  [4;36;1mPair Load (0.3ms)[0m   [0;1mSELECT * FROM "pairs" LIMIT 1[0m
  [4;35;1mGroup Load (0.2ms)[0m   [0mSELECT * FROM "groups" WHERE ("groups".pair_id = 1) LIMIT 1[0m
  [4;36;1mPair Load (0.5ms)[0m   [0;1mSELECT * FROM "pairs" LIMIT 1[0m
  [4;35;1mGroup Load (0.2ms)[0m   [0mSELECT * FROM "groups" WHERE ("groups".pair_id = 1) LIMIT 1[0m
  [4;36;1mUser Load (0.0ms)[0m   [0;1mSQLite3::SQLException: no such column: users.group_id: SELECT * FROM "users" WHERE ("users".group_id = 1) [0m
  [4;36;1mPair Load (0.5ms)[0m   [0;1mSELECT * FROM "pairs" [0m
  [4;35;1mPair Load (0.2ms)[0m   [0mSELECT * FROM "pairs" LIMIT 1[0m
  [4;36;1mGroup Load (0.2ms)[0m   [0;1mSELECT * FROM "groups" WHERE ("groups".pair_id = 1) LIMIT 1[0m
  [4;35;1mPair Load (0.2ms)[0m   [0mSELECT * FROM "pairs" LIMIT 1[0m
  [4;36;1mGroup Load (0.2ms)[0m   [0;1mSELECT * FROM "groups" WHERE ("groups".pair_id = 1) LIMIT 1[0m
  [4;35;1mUser Load (0.0ms)[0m   [0mSQLite3::SQLException: no such column: users.group_id: SELECT * FROM "users" WHERE ("users".group_id = 1) LIMIT 1[0m
  [4;36;1mPair Load (0.2ms)[0m   [0;1mSELECT * FROM "pairs" LIMIT 1[0m
  [4;35;1mGroup Load (0.2ms)[0m   [0mSELECT * FROM "groups" WHERE ("groups".pair_id = 1) LIMIT 1[0m
  [4;36;1mPair Load (0.3ms)[0m   [0;1mSELECT * FROM "pairs" LIMIT 1[0m
  [4;35;1mGroup Load (0.2ms)[0m   [0mSELECT * FROM "groups" WHERE ("groups".pair_id = 1) LIMIT 1[0m
  [4;36;1mPair Load (0.2ms)[0m   [0;1mSELECT * FROM "pairs" LIMIT 1[0m
  [4;35;1mGroup Load (0.2ms)[0m   [0mSELECT * FROM "groups" WHERE ("groups".pair_id = 1) LIMIT 1[0m
  [4;36;1mPair Load (0.3ms)[0m   [0;1mSELECT * FROM "pairs" LIMIT 1[0m
  [4;35;1mGroup Load (0.2ms)[0m   [0mSELECT * FROM "groups" WHERE ("groups".pair_id = 1) LIMIT 1[0m
  [4;36;1mUser Load (0.2ms)[0m   [0;1mSELECT * FROM "users" LIMIT 1[0m
  [4;35;1mUser Load (0.2ms)[0m   [0mSELECT * FROM "users" LIMIT 1[0m
  [4;36;1mUser Load (0.3ms)[0m   [0;1mSELECT * FROM "users" LIMIT 1[0m
  [4;35;1mUser Load (0.2ms)[0m   [0mSELECT * FROM "users" LIMIT 1[0m
  [4;36;1mUser Load (0.2ms)[0m   [0;1mSELECT * FROM "users" WHERE ("users"."id" = 1) [0m
  [4;35;1mUser Load (0.2ms)[0m   [0mSELECT * FROM "users" WHERE ("users"."id" = 2) [0m
  [4;36;1mSQL (0.5ms)[0m   [0;1m SELECT name
 FROM sqlite_master
 WHERE type = 'table' AND NOT name = 'sqlite_sequence'
[0m
  [4;35;1mSQL (0.3ms)[0m   [0m SELECT name
 FROM sqlite_master
 WHERE type = 'table' AND NOT name = 'sqlite_sequence'
[0m
